<?xml version="1.0" encoding="UTF-8"?>
<!-- Generated by org.testng.reporters.JUnitXMLReporter -->
<testsuite ignored="0" hostname="Ozges-MacBook-Pro.local" failures="1" tests="1" name="Default test" time="13.393" errors="0" timestamp="2025-07-24T15:50:22 CEST">
  <testcase classname="io.cucumber.testng.AbstractTestNGCucumberTests" name="runScenario" time="12.487">
    <failure type="java.lang.AssertionError" message="Not redirected to Signup/login  page expected [true] but found [false]">
      <![CDATA[java.lang.AssertionError: Not redirected to Signup/login  page expected [true] but found [false]
at org.testng.Assert.fail(Assert.java:111)
at org.testng.Assert.failNotEquals(Assert.java:1590)
at org.testng.Assert.assertTrue(Assert.java:57)
at stepdefinitions.RegisterUISteps.clickSignup_button(RegisterUISteps.java:30)
at ✽.the user clicks the "Signup / Login" button(file:///Users/ozgemevademiroz/eclipse-workspace/ecom-ui-api-tests/src/test/resources/features/register_ui.feature:6)
]]>
    </failure>
  </testcase> <!-- runScenario -->
</testsuite> <!-- Default test -->
