<?xml version="1.0" encoding="UTF-8"?>
<!-- Generated by org.testng.reporters.JUnitReportReporter -->
<testsuite hostname="Ozges-MacBook-Pro.local" failures="1" tests="1" name="runner.TestRunner" time="10.644" errors="0" timestamp="2025-07-11T13:35:45 CEST" skipped="0">
  <testcase classname="runner.TestRunner" name="runScenario" time="10.644">
    <failure message="Not redirected to Signup/login  page expected [true] but found [false]" type="java.lang.AssertionError">
      <![CDATA[java.lang.AssertionError: Not redirected to Signup/login  page expected [true] but found [false]
at org.testng.Assert.fail(Assert.java:111)
at org.testng.Assert.failNotEquals(Assert.java:1590)
at org.testng.Assert.assertTrue(Assert.java:57)
at stepdefinitions.RegisterUISteps.clickSignup_button(RegisterUISteps.java:30)
at ✽.the user clicks the "Signup / Login" button(file:///Users/ozgemevademiroz/eclipse-workspace/ecom-ui-api-tests/src/test/resources/features/register_ui.feature:6)
]]>
    </failure>
  </testcase> <!-- runScenario -->
</testsuite> <!-- runner.TestRunner -->
